<?xml version="1.0" encoding="UTF-8"?>
<!-- Generated by org.testng.reporters.JUnitReportReporter -->
<testsuite hostname="LTIN188711" failures="0" tests="10" name="testClass.TestCases" time="86.461" errors="0" timestamp="2024-05-09T10:15:30 IST" skipped="0">
  <testcase classname="testClass.TestCases" name="goToUpcomingBikes" time="13.061"/>
  <testcase classname="testClass.TestCases" name="selectHonda" time="6.698"/>
  <testcase classname="testClass.TestCases" name="showBikes" time="8.535"/>
  <testcase classname="testClass.TestCases" name="fetchBikeDetails" time="11.123"/>
  <testcase classname="testClass.TestCases" name="moveToUsedCars" time="17.661"/>
  <testcase classname="testClass.TestCases" name="findTopCars" time="3.763"/>
  <testcase classname="testClass.TestCases" name="fetchTopCars" time="0.616"/>
  <testcase classname="testClass.TestCases" name="backToHomePage" time="4.209"/>
  <testcase classname="testClass.TestCases" name="logIn" time="8.074"/>
  <testcase classname="testClass.TestCases" name="invalidLogIn" time="12.721"/>
</testsuite> <!-- testClass.TestCases -->
